


materialPath: C:\Program Files (x86)\Steam\steamapps\common\Counter-Strike Source\cstrike\materials
Loading C:\Users\Sachin\Documents\GitHub\Gmod-CAR\Gmod Files\maps\car_city_v2.vmf
Could not locate 'GameData' key in c:\program files (x86)\steam\steamapps\common\counter-strike source\cstrike\gameinfo.txt
fixing up env_cubemap materials on brush sides...
0...1...2...3...4...5...6...7...8...9...100...1...2...3...4...5...6...7...8...9...10Processing areas...done (0)
Building Faces...done (0)
FixTjuncs...
PruneNodes...
WriteBSP...
done (0)
writing C:\Users\Sachin\Documents\GitHub\Gmod-CAR\Gmod Files\maps\car_city_v2.prt...Building visibility clusters...
done (0)
Creating default LDR cubemaps for env_cubemap using skybox materials:
   skybox/sky_day01_01*.vmt
 ! Run buildcubemaps in the engine to get the correct cube maps.
Creating default HDR cubemaps for env_cubemap using skybox materials:
   skybox/sky_day01_01*.vmt
 ! Run buildcubemaps in the engine to get the correct cube maps.
Finding displacement neighbors...
Finding lightmap sample positions...
Displacement Alpha : 0...1...2...3...4...5...6...7...8...9...10
Building Physics collision data...
done (0) (37082 bytes)
Placing detail props : 0...1...2...3...4...5...6...7...8...9...10
Compacting texture/material tables...
Reduced 430 texinfos to 229
Reduced 11 texdatas to 9 (237 bytes to 193)
Writing C:\Users\Sachin\Documents\GitHub\Gmod-CAR\Gmod Files\maps\car_city_v2.bsp
0 seconds elapsed



8 threads
reading c:\users\sachin\documents\github\gmod-car\gmod files\maps\car_city_v2.bsp
reading c:\users\sachin\documents\github\gmod-car\gmod files\maps\car_city_v2.prt
 493 portalclusters
1366 numportals
0...1...2...3...4...5...6...7...8...9...100...1...2...3...4...5...6...7...8...9...10Optimized: 2362 visible clusters (1.33%)
Total clusters visible: 177335
Average clusters visible: 359
Building PAS...
Average clusters audible: 492
visdatasize:64168  compressed from 63104
writing c:\users\sachin\documents\github\gmod-car\gmod files\maps\car_city_v2.bsp
13 seconds elapsed



[Reading texlights from 'lights.rad']
[2 texlights parsed from 'lights.rad']

Loading c:\users\sachin\documents\github\gmod-car\gmod files\maps\car_city_v2.bsp
2893 faces
2539634 square feet [365707328.00 square inches]
0 Displacements
0 Square Feet [0.00 Square Inches]
2893 patches before subdivision
zero area child patch
83967 patches after subdivision
0 direct lights
0...1...2...3...4...5...6...7...8...9...100...1...2...3...4...5...6...7...8...9...10transfers 4881714, max 1037
transfer lists:  37.2 megs
0...1...2...3...4...5...6...7...8...9...10	Bounce #1 added RGB(1, 1, 1)
0...1...2...3...4...5...6...7...8...9...10	Bounce #2 added RGB(1, 1, 1)
0...1...2...3...4...5...6...7...8...9...10	Bounce #3 added RGB(1, 1, 1)
0...1...2...3...4...5...6...7...8...9...10	Bounce #4 added RGB(1, 1, 1)
0...1...2...3...4...5...6...7...8...9...10	Bounce #5 added RGB(1, 1, 1)
0...1...2...3...4...5...6...7...8...9...10	Bounce #6 added RGB(1, 1, 1)
0...1...2...3...4...5...6...7...8...9...10	Bounce #7 added RGB(1, 1, 1)
0...1...2...3...4...5...6...7...8...9...10	Bounce #8 added RGB(1, 1, 1)
0...1...2...3...4...5...6...7...8...9...10	Bounce #9 added RGB(1, 1, 1)
0...1...2...3...4...5...6...7...8...9...10	Bounce #10 added RGB(1, 1, 1)
0...1...2...3...4...5...6...7...8...9...10	Bounce #11 added RGB(1, 1, 1)
0...1...2...3...4...5...6...7...8...9...10	Bounce #12 added RGB(1, 1, 1)
0...1...2...3...4...5...6...7...8...9...10	Bounce #13 added RGB(1, 1, 1)
0...1...2...3...4...5...6...7...8...9...10	Bounce #14 added RGB(1, 1, 1)
0...1...2...3...4...5...6...7...8...9...10	Bounce #15 added RGB(1, 1, 1)
0...1...2...3...4...5...6...7...8...9...10	Bounce #16 added RGB(1, 1, 1)
0...1...2...3...4...5...6...7...8...9...10	Bounce #17 added RGB(1, 1, 1)
0...1...2...3...4...5...6...7...8...9...10	Bounce #18 added RGB(1, 1, 1)
0...1...2...3...4...5...6...7...8...9...10	Bounce #19 added RGB(1, 1, 1)
0...1...2...3...4...5...6...7...8...9...10	Bounce #20 added RGB(1, 1, 1)
0...1...2...3...4...5...6...7...8...9...10	Bounce #21 added RGB(1, 1, 1)
0...1...2...3...4...5...6...7...8...9...10	Bounce #22 added RGB(1, 1, 1)
0...1...2...3...4...5...6...7...8...9...10	Bounce #23 added RGB(1, 1, 1)
0...1...2...3...4...5...6...7...8...9...10	Bounce #24 added RGB(1, 1, 1)
0...1...2...3...4...5...6...7...8...9...10	Bounce #25 added RGB(1, 1, 1)
0...1...2...3...4...5...6...7...8...9...10	Bounce #26 added RGB(1, 1, 1)
0...1...2...3...4...5...6...7...8...9...10	Bounce #27 added RGB(1, 1, 1)
0...1...2...3...4...5...6...7...8...9...10	Bounce #28 added RGB(1, 1, 1)
0...1...2...3...4...5...6...7...8...9...10	Bounce #29 added RGB(1, 1, 1)
0...1...2...3...4...5...6...7...8...9...10	Bounce #30 added RGB(1, 1, 1)
0...1...2...3...4...5...6...7...8...9...10	Bounce #31 added RGB(1, 1, 1)
0...1...2...3...4...5...6...7...8...9...10	Bounce #32 added RGB(1, 1, 1)
0...1...2...3...4...5...6...7...8...9...10	Bounce #33 added RGB(1, 1, 1)
0...1...2...3...4...5...6...7...8...9...10	Bounce #34 added RGB(1, 1, 1)
0...1...2...3...4...5...6...7...8...9...10	Bounce #35 added RGB(1, 1, 1)
0...1...2...3...4...5...6...7...8...9...10	Bounce #36 added RGB(1, 1, 1)
0...1...2...3...4...5...6...7...8...9...10	Bounce #37 added RGB(1, 1, 1)
0...1...2...3...4...5...6...7...8...9...10	Bounce #38 added RGB(1, 1, 1)
0...1...2...3...4...5...6...7...8...9...10	Bounce #39 added RGB(1, 1, 1)
0...1...2...3...4...5...6...7...8...9...10	Bounce #40 added RGB(1, 1, 1)
0...1...2...3...4...5...6...7...8...9...10	Bounce #41 added RGB(1, 1, 1)
0...1...2...3...4...5...6...7...8...9...10	Bounce #42 added RGB(1, 1, 1)
0...1...2...3...4...5...6...7...8...9...10	Bounce #43 added RGB(1, 1, 1)
0...1...2...3...4...5...6...7...8...9...10	Bounce #44 added RGB(1, 1, 1)
0...1...2...3...4...5...6...7...8...9...10	Bounce #45 added RGB(1, 1, 1)
0...1...2...3...4...5...6...7...8...9...10	Bounce #46 added RGB(1, 1, 1)
0...1...2...3...4...5...6...7...8...9...10	Bounce #47 added RGB(1, 1, 1)
0...1...2...3...4...5...6...7...8...9...10	Bounce #48 added RGB(1, 1, 1)
0...1...2...3...4...5...6...7...8...9...10	Bounce #49 added RGB(1, 1, 1)
0...1...2...3...4...5...6...7...8...9...10	Bounce #50 added RGB(1, 1, 1)
0...1...2...3...4...5...6...7...8...9...10	Bounce #51 added RGB(1, 1, 1)
0...1...2...3...4...5...6...7...8...9...10	Bounce #52 added RGB(1, 1, 1)
0...1...2...3...4...5...6...7...8...9...10	Bounce #53 added RGB(1, 1, 1)
0...1...2...3...4...5...6...7...8...9...10	Bounce #54 added RGB(1, 1, 1)
0...1...2...3...4...5...6...7...8...9...10	Bounce #55 added RGB(1, 1, 1)
0...1...2...3...4...5...6...7...8...9...10	Bounce #56 added RGB(1, 1, 1)
0...1...2...3...4...5...6...7...8...9...10	Bounce #57 added RGB(1, 1, 1)
0...1...2...3...4...5...6...7...8...9...10	Bounce #58 added RGB(1, 1, 1)
0...1...2...3...4...5...6...7...8...9...10	Bounce #59 added RGB(1, 1, 1)
0...1...2...3...4...5...6...7...8...9...10	Bounce #60 added RGB(1, 1, 1)
0...1...2...3...4...5...6...7...8...9...10	Bounce #61 added RGB(1, 1, 1)
0...1...2...3...4...5...6...7...8...9...10	Bounce #62 added RGB(1, 1, 1)
0...1...2...3...4...5...6...7...8...9...10	Bounce #63 added RGB(1, 1, 1)
0...1...2...3...4...5...6...7...8...9...10	Bounce #64 added RGB(1, 1, 1)
0...1...2...3...4...5...6...7...8...9...10	Bounce #65 added RGB(1, 1, 1)
0...1...2...3...4...5...6...7...8...9...10	Bounce #66 added RGB(1, 1, 1)
0...1...2...3...4...5...6...7...8...9...10	Bounce #67 added RGB(1, 1, 1)
0...1...2...3...4...5...6...7...8...9...10	Bounce #68 added RGB(1, 1, 1)
0...1...2...3...4...5...6...7...8...9...10	Bounce #69 added RGB(1, 1, 1)
0...1...2...3...4...5...6...7...8...9...10	Bounce #70 added RGB(1, 1, 1)
0...1...2...3...4...5...6...7...8...9...10	Bounce #71 added RGB(1, 1, 1)
0...1...2...3...4...5...6...7...8...9...10	Bounce #72 added RGB(1, 1, 1)
0...1...2...3...4...5...6...7...8...9...10	Bounce #73 added RGB(1, 1, 1)
0...1...2...3...4...5...6...7...8...9...10	Bounce #74 added RGB(1, 1, 1)
0...1...2...3...4...5...6...7...8...9...10	Bounce #75 added RGB(1, 1, 1)
0...1...2...3...4...5...6...7...8...9...10	Bounce #76 added RGB(1, 1, 1)
0...1...2...3...4...5...6...7...8...9...10	Bounce #77 added RGB(1, 1, 1)
0...1...2...3...4...5...6...7...8...9...10	Bounce #78 added RGB(1, 1, 1)
0...1...2...3...4...5...6...7...8...9...10	Bounce #79 added RGB(1, 1, 1)
0...1...2...3...4...5...6...7...8...9...10	Bounce #80 added RGB(1, 1, 1)
0...1...2...3...4...5...6...7...8...9...10	Bounce #81 added RGB(1, 1, 1)
0...1...2...3...4...5...6...7...8...9...10	Bounce #82 added RGB(1, 1, 1)
0...1...2...3...4...5...6...7...8...9...10	Bounce #83 added RGB(1, 1, 1)
0...1...2...3...4...5...6...7...8...9...10	Bounce #84 added RGB(1, 1, 1)
0...1...2...3...4...5...6...7...8...9...10	Bounce #85 added RGB(1, 1, 1)
0...1...2...3...4...5...6...7...8...9...10	Bounce #86 added RGB(1, 1, 1)
0...1...2...3...4...5...6...7...8...9...10	Bounce #87 added RGB(1, 1, 1)
0...1...2...3...4...5...6...7...8...9...10	Bounce #88 added RGB(1, 1, 1)
0...1...2...3...4...5...6...7...8...9...10	Bounce #89 added RGB(1, 1, 1)
0...1...2...3...4...5...6...7...8...9...10	Bounce #90 added RGB(1, 1, 1)
0...1...2...3...4...5...6...7...8...9...10	Bounce #91 added RGB(1, 1, 1)
0...1...2...3...4...5...6...7...8...9...10	Bounce #92 added RGB(1, 1, 1)
0...1...2...3...4...5...6...7...8...9...10	Bounce #93 added RGB(1, 1, 1)
0...1...2...3...4...5...6...7...8...9...10	Bounce #94 added RGB(1, 1, 1)
0...1...2...3...4...5...6...7...8...9...10	Bounce #95 added RGB(1, 1, 1)
0...1...2...3...4...5...6...7...8...9...10	Bounce #96 added RGB(1, 1, 1)
0...1...2...3...4...5...6...7...8...9...10	Bounce #97 added RGB(1, 1, 1)
0...1...2...3...4...5...6...7...8...9...10	Bounce #98 added RGB(1, 1, 1)
0...1...2...3...4...5...6...7...8...9...10	Bounce #99 added RGB(1, 1, 1)
0...1...2...3...4...5...6...7...8...9...10	Bounce #100 added RGB(1, 1, 1)
Build Patch/Sample Hash Table(s).....Done<0.0322 sec>
0...1...2...3...4...5...6...7...8...9...10FinalLightFace Done
0 of 0 (0% of) surface lights went in leaf ambient cubes.
0...1...2...3...4...5...6...7...8...9...10Writing leaf ambient...done
Ready to Finish

Object names       Objects/Maxobjs  Memory / Maxmem  Fullness 
------------       ---------------  ---------------  -------- 
models                   1/1024           48/49152    ( 0.1%) 
brushes                102/8192         1224/98304    ( 1.2%) 
brushsides             614/65536        4912/524288   ( 0.9%) 
planes                 418/65536        8360/1310720  ( 0.6%) 
vertexes              3920/65536       47040/786432   ( 6.0%) 
nodes                 1125/65536       36000/2097152  ( 1.7%) 
texinfos               229/12288       16488/884736   ( 1.9%) 
texdata                  9/2048          288/65536    ( 0.4%) 
dispinfos                0/0               0/0        ( 0.0%) 
disp_verts               0/0               0/0        ( 0.0%) 
disp_tris                0/0               0/0        ( 0.0%) 
disp_lmsamples           0/0               0/0        ( 0.0%) 
faces                 2893/65536      162008/3670016  ( 4.4%) 
hdr faces                0/65536           0/3670016  ( 0.0%) 
origfaces              289/65536       16184/3670016  ( 0.4%) 
leaves                1127/65536       36064/2097152  ( 1.7%) 
leaffaces             3095/65536        6190/131072   ( 4.7%) 
leafbrushes            939/65536        1878/131072   ( 1.4%) 
areas                    2/256            16/2048     ( 0.8%) 
surfedges            14353/512000      57412/2048000  ( 2.8%) 
edges                 7428/256000      29712/1024000  ( 2.9%) 
LDR worldlights          0/8192            0/720896   ( 0.0%) 
HDR worldlights          0/8192            0/720896   ( 0.0%) 
leafwaterdata            0/32768           0/393216   ( 0.0%) 
waterstrips            289/32768        2890/327680   ( 0.9%) 
waterverts               0/65536           0/786432   ( 0.0%) 
waterindices          3798/65536        7596/131072   ( 5.8%) 
cubemapsamples           0/1024            0/16384    ( 0.0%) 
overlays                 0/512             0/180224   ( 0.0%) 
LDR lightdata         [variable]     3761812/0        ( 0.0%) 
HDR lightdata         [variable]           0/0        ( 0.0%) 
visdata               [variable]       64168/16777216 ( 0.4%) 
entdata               [variable]       28210/393216   ( 7.2%) 
LDR ambient table     1127/65536        4508/262144   ( 1.7%) 
HDR ambient table     1127/65536        4508/262144   ( 1.7%) 
LDR leaf ambient       493/65536       13804/1835008  ( 0.8%) 
HDR leaf ambient      1127/65536       31556/1835008  ( 1.7%) 
occluders                0/0               0/0        ( 0.0%) 
occluder polygons        0/0               0/0        ( 0.0%) 
occluder vert ind        0/0               0/0        ( 0.0%) 
detail props          [variable]           1/12       ( 8.3%) 
static props          [variable]           1/3854     ( 0.0%) 
pakfile               [variable]      105675/0        ( 0.0%) 
physics               [variable]       37082/4194304  ( 0.9%) 
physics terrain       [variable]           2/1048576  ( 0.0%) 

Level flags = 0

Total triangle count: 7411
Writing c:\users\sachin\documents\github\gmod-car\gmod files\maps\car_city_v2.bsp
10 seconds elapsed



materialPath: C:\Program Files (x86)\Steam\steamapps\common\Counter-Strike Source\cstrike\materials
Loading C:\Users\Sachin\Documents\GitHub\Gmod-CAR\Gmod Files\maps\car_city_v2.vmf
Could not locate 'GameData' key in c:\program files (x86)\steam\steamapps\common\counter-strike source\cstrike\gameinfo.txt
fixing up env_cubemap materials on brush sides...
0...1...2...3...4...5...6...7...8...9...100...1...2...3...4...5...6...7...8...9...10Processing areas...done (0)
Building Faces...done (0)
FixTjuncs...
PruneNodes...
WriteBSP...
done (0)
writing C:\Users\Sachin\Documents\GitHub\Gmod-CAR\Gmod Files\maps\car_city_v2.prt...Building visibility clusters...
done (0)
Creating default LDR cubemaps for env_cubemap using skybox materials:
   skybox/sky_day01_01*.vmt
 ! Run buildcubemaps in the engine to get the correct cube maps.
Creating default HDR cubemaps for env_cubemap using skybox materials:
   skybox/sky_day01_01*.vmt
 ! Run buildcubemaps in the engine to get the correct cube maps.
Finding displacement neighbors...
Finding lightmap sample positions...
Displacement Alpha : 0...1...2...3...4...5...6...7...8...9...10
Building Physics collision data...
done (0) (37570 bytes)
Placing detail props : 0...1...2...3...4...5...6...7...8...9...10
Compacting texture/material tables...
Reduced 430 texinfos to 229
Reduced 11 texdatas to 9 (237 bytes to 193)
Writing C:\Users\Sachin\Documents\GitHub\Gmod-CAR\Gmod Files\maps\car_city_v2.bsp
0 seconds elapsed



8 threads
reading c:\users\sachin\documents\github\gmod-car\gmod files\maps\car_city_v2.bsp
reading c:\users\sachin\documents\github\gmod-car\gmod files\maps\car_city_v2.prt
 499 portalclusters
1396 numportals
0...1...2...3...4...5...6...7...8...9...100...1...2...3...4...5...6...7...8...9...10Optimized: 2351 visible clusters (1.30%)
Total clusters visible: 180504
Average clusters visible: 361
Building PAS...
Average clusters audible: 498
visdatasize:66211  compressed from 63872
writing c:\users\sachin\documents\github\gmod-car\gmod files\maps\car_city_v2.bsp
15 seconds elapsed



[Reading texlights from 'lights.rad']
[2 texlights parsed from 'lights.rad']

Loading c:\users\sachin\documents\github\gmod-car\gmod files\maps\car_city_v2.bsp
2909 faces
2539950 square feet [365752896.00 square inches]
0 Displacements
0 Square Feet [0.00 Square Inches]
2909 patches before subdivision
zero area child patch
84017 patches after subdivision
0 direct lights
0...1...2...3...4...5...6...7...8...9...100...1...2...3...4...5...6...7...8...9...10transfers 4919464, max 1037
transfer lists:  37.5 megs
0...1...2...3...4...5...6...7...8...9...10	Bounce #1 added RGB(1, 1, 1)
0...1...2...3...4...5...6...7...8...9...10	Bounce #2 added RGB(1, 1, 1)
0...1...2...3...4...5...6...7...8...9...10	Bounce #3 added RGB(1, 1, 1)
0...1...2...3...4...5...6...7...8...9...10	Bounce #4 added RGB(1, 1, 1)
0...1...2...3...4...5...6...7...8...9...10	Bounce #5 added RGB(1, 1, 1)
0...1...2...3...4...5...6...7...8...9...10	Bounce #6 added RGB(1, 1, 1)
0...1...2...3...4...5...6...7...8...9...10	Bounce #7 added RGB(1, 1, 1)
0...1...2...3...4...5...6...7...8...9...10	Bounce #8 added RGB(1, 1, 1)
0...1...2...3...4...5...6...7...8...9...10	Bounce #9 added RGB(1, 1, 1)
0...1...2...3...4...5...6...7...8...9...10	Bounce #10 added RGB(1, 1, 1)
0...1...2...3...4...5...6...7...8...9...10	Bounce #11 added RGB(1, 1, 1)
0...1...2...3...4...5...6...7...8...9...10	Bounce #12 added RGB(1, 1, 1)
0...1...2...3...4...5...6...7...8...9...10	Bounce #13 added RGB(1, 1, 1)
0...1...2...3...4...5...6...7...8...9...10	Bounce #14 added RGB(1, 1, 1)
0...1...2...3...4...5...6...7...8...9...10	Bounce #15 added RGB(1, 1, 1)
0...1...2...3...4...5...6...7...8...9...10	Bounce #16 added RGB(1, 1, 1)
0...1...2...3...4...5...6...7...8...9...10	Bounce #17 added RGB(1, 1, 1)
0...1...2...3...4...5...6...7...8...9...10	Bounce #18 added RGB(1, 1, 1)
0...1...2...3...4...5...6...7...8...9...10	Bounce #19 added RGB(1, 1, 1)
0...1...2...3...4...5...6...7...8...9...10	Bounce #20 added RGB(1, 1, 1)
0...1...2...3...4...5...6...7...8...9...10	Bounce #21 added RGB(1, 1, 1)
0...1...2...3...4...5...6...7...8...9...10	Bounce #22 added RGB(1, 1, 1)
0...1...2...3...4...5...6...7...8...9...10	Bounce #23 added RGB(1, 1, 1)
0...1...2...3...4...5...6...7...8...9...10	Bounce #24 added RGB(1, 1, 1)
0...1...2...3...4...5...6...7...8...9...10	Bounce #25 added RGB(1, 1, 1)
0...1...2...3...4...5...6...7...8...9...10	Bounce #26 added RGB(1, 1, 1)
0...1...2...3...4...5...6...7...8...9...10	Bounce #27 added RGB(1, 1, 1)
0...1...2...3...4...5...6...7...8...9...10	Bounce #28 added RGB(1, 1, 1)
0...1...2...3...4...5...6...7...8...9...10	Bounce #29 added RGB(1, 1, 1)
0...1...2...3...4...5...6...7...8...9...10	Bounce #30 added RGB(1, 1, 1)
0...1...2...3...4...5...6...7...8...9...10	Bounce #31 added RGB(1, 1, 1)
0...1...2...3...4...5...6...7...8...9...10	Bounce #32 added RGB(1, 1, 1)
0...1...2...3...4...5...6...7...8...9...10	Bounce #33 added RGB(1, 1, 1)
0...1...2...3...4...5...6...7...8...9...10	Bounce #34 added RGB(1, 1, 1)
0...1...2...3...4...5...6...7...8...9...10	Bounce #35 added RGB(1, 1, 1)
0...1...2...3...4...5...6...7...8...9...10	Bounce #36 added RGB(1, 1, 1)
0...1...2...3...4...5...6...7...8...9...10	Bounce #37 added RGB(1, 1, 1)
0...1...2...3...4...5...6...7...8...9...10	Bounce #38 added RGB(1, 1, 1)
0...1...2...3...4...5...6...7...8...9...10	Bounce #39 added RGB(1, 1, 1)
0...1...2...3...4...5...6...7...8...9...10	Bounce #40 added RGB(1, 1, 1)
0...1...2...3...4...5...6...7...8...9...10	Bounce #41 added RGB(1, 1, 1)
0...1...2...3...4...5...6...7...8...9...10	Bounce #42 added RGB(1, 1, 1)
0...1...2...3...4...5...6...7...8...9...10	Bounce #43 added RGB(1, 1, 1)
0...1...2...3...4...5...6...7...8...9...10	Bounce #44 added RGB(1, 1, 1)
0...1...2...3...4...5...6...7...8...9...10	Bounce #45 added RGB(1, 1, 1)
0...1...2...3...4...5...6...7...8...9...10	Bounce #46 added RGB(1, 1, 1)
0...1...2...3...4...5...6...7...8...9...10	Bounce #47 added RGB(1, 1, 1)
0...1...2...3...4...5...6...7...8...9...10	Bounce #48 added RGB(1, 1, 1)
0...1...2...3...4...5...6...7...8...9...10	Bounce #49 added RGB(1, 1, 1)
0...1...2...3...4...5...6...7...8...9...10	Bounce #50 added RGB(1, 1, 1)
0...1...2...3...4...5...6...7...8...9...10	Bounce #51 added RGB(1, 1, 1)
0...1...2...3...4...5...6...7...8...9...10	Bounce #52 added RGB(1, 1, 1)
0...1...2...3...4...5...6...7...8...9...10	Bounce #53 added RGB(1, 1, 1)
0...1...2...3...4...5...6...7...8...9...10	Bounce #54 added RGB(1, 1, 1)
0...1...2...3...4...5...6...7...8...9...10	Bounce #55 added RGB(1, 1, 1)
0...1...2...3...4...5...6...7...8...9...10	Bounce #56 added RGB(1, 1, 1)
0...1...2...3...4...5...6...7...8...9...10	Bounce #57 added RGB(1, 1, 1)
0...1...2...3...4...5...6...7...8...9...10	Bounce #58 added RGB(1, 1, 1)
0...1...2...3...4...5...6...7...8...9...10	Bounce #59 added RGB(1, 1, 1)
0...1...2...3...4...5...6...7...8...9...10	Bounce #60 added RGB(1, 1, 1)
0...1...2...3...4...5...6...7...8...9...10	Bounce #61 added RGB(1, 1, 1)
0...1...2...3...4...5...6...7...8...9...10	Bounce #62 added RGB(1, 1, 1)
0...1...2...3...4...5...6...7...8...9...10	Bounce #63 added RGB(1, 1, 1)
0...1...2...3...4...5...6...7...8...9...10	Bounce #64 added RGB(1, 1, 1)
0...1...2...3...4...5...6...7...8...9...10	Bounce #65 added RGB(1, 1, 1)
0...1...2...3...4...5...6...7...8...9...10	Bounce #66 added RGB(1, 1, 1)
0...1...2...3...4...5...6...7...8...9...10	Bounce #67 added RGB(1, 1, 1)
0...1...2...3...4...5...6...7...8...9...10	Bounce #68 added RGB(1, 1, 1)
0...1...2...3...4...5...6...7...8...9...10	Bounce #69 added RGB(1, 1, 1)
0...1...2...3...4...5...6...7...8...9...10	Bounce #70 added RGB(1, 1, 1)
0...1...2...3...4...5...6...7...8...9...10	Bounce #71 added RGB(1, 1, 1)
0...1...2...3...4...5...6...7...8...9...10	Bounce #72 added RGB(1, 1, 1)
0...1...2...3...4...5...6...7...8...9...10	Bounce #73 added RGB(1, 1, 1)
0...1...2...3...4...5...6...7...8...9...10	Bounce #74 added RGB(1, 1, 1)
0...1...2...3...4...5...6...7...8...9...10	Bounce #75 added RGB(1, 1, 1)
0...1...2...3...4...5...6...7...8...9...10	Bounce #76 added RGB(1, 1, 1)
0...1...2...3...4...5...6...7...8...9...10	Bounce #77 added RGB(1, 1, 1)
0...1...2...3...4...5...6...7...8...9...10	Bounce #78 added RGB(1, 1, 1)
0...1...2...3...4...5...6...7...8...9...10	Bounce #79 added RGB(1, 1, 1)
0...1...2...3...4...5...6...7...8...9...10	Bounce #80 added RGB(1, 1, 1)
0...1...2...3...4...5...6...7...8...9...10	Bounce #81 added RGB(1, 1, 1)
0...1...2...3...4...5...6...7...8...9...10	Bounce #82 added RGB(1, 1, 1)
0...1...2...3...4...5...6...7...8...9...10	Bounce #83 added RGB(1, 1, 1)
0...1...2...3...4...5...6...7...8...9...10	Bounce #84 added RGB(1, 1, 1)
0...1...2...3...4...5...6...7...8...9...10	Bounce #85 added RGB(1, 1, 1)
0...1...2...3...4...5...6...7...8...9...10	Bounce #86 added RGB(1, 1, 1)
0...1...2...3...4...5...6...7...8...9...10	Bounce #87 added RGB(1, 1, 1)
0...1...2...3...4...5...6...7...8...9...10	Bounce #88 added RGB(1, 1, 1)
0...1...2...3...4...5...6...7...8...9...10	Bounce #89 added RGB(1, 1, 1)
0...1...2...3...4...5...6...7...8...9...10	Bounce #90 added RGB(1, 1, 1)
0...1...2...3...4...5...6...7...8...9...10	Bounce #91 added RGB(1, 1, 1)
0...1...2...3...4...5...6...7...8...9...10	Bounce #92 added RGB(1, 1, 1)
0...1...2...3...4...5...6...7...8...9...10	Bounce #93 added RGB(1, 1, 1)
0...1...2...3...4...5...6...7...8...9...10	Bounce #94 added RGB(1, 1, 1)
0...1...2...3...4...5...6...7...8...9...10	Bounce #95 added RGB(1, 1, 1)
0...1...2...3...4...5...6...7...8...9...10	Bounce #96 added RGB(1, 1, 1)
0...1...2...3...4...5...6...7...8...9...10	Bounce #97 added RGB(1, 1, 1)
0...1...2...3...4...5...6...7...8...9...10	Bounce #98 added RGB(1, 1, 1)
0...1...2...3...4...5...6...7...8...9...10	Bounce #99 added RGB(1, 1, 1)
0...1...2...3...4...5...6...7...8...9...10	Bounce #100 added RGB(1, 1, 1)
Build Patch/Sample Hash Table(s).....Done<0.0326 sec>
0...1...2...3...4...5...6...7...8...9...10FinalLightFace Done
0 of 0 (0% of) surface lights went in leaf ambient cubes.
0...1...2...3...4...5...6...7...8...9...10Writing leaf ambient...done
Ready to Finish

Object names       Objects/Maxobjs  Memory / Maxmem  Fullness 
------------       ---------------  ---------------  -------- 
models                   1/1024           48/49152    ( 0.1%) 
brushes                103/8192         1236/98304    ( 1.3%) 
brushsides             621/65536        4968/524288   ( 0.9%) 
planes                 428/65536        8560/1310720  ( 0.7%) 
vertexes              3947/65536       47364/786432   ( 6.0%) 
nodes                 1137/65536       36384/2097152  ( 1.7%) 
texinfos               229/12288       16488/884736   ( 1.9%) 
texdata                  9/2048          288/65536    ( 0.4%) 
dispinfos                0/0               0/0        ( 0.0%) 
disp_verts               0/0               0/0        ( 0.0%) 
disp_tris                0/0               0/0        ( 0.0%) 
disp_lmsamples           0/0               0/0        ( 0.0%) 
faces                 2909/65536      162904/3670016  ( 4.4%) 
hdr faces                0/65536           0/3670016  ( 0.0%) 
origfaces              296/65536       16576/3670016  ( 0.5%) 
leaves                1139/65536       36448/2097152  ( 1.7%) 
leaffaces             3108/65536        6216/131072   ( 4.7%) 
leafbrushes            947/65536        1894/131072   ( 1.4%) 
areas                    2/256            16/2048     ( 0.8%) 
surfedges            14461/512000      57844/2048000  ( 2.8%) 
edges                 7482/256000      29928/1024000  ( 2.9%) 
LDR worldlights          0/8192            0/720896   ( 0.0%) 
HDR worldlights          0/8192            0/720896   ( 0.0%) 
leafwaterdata            0/32768           0/393216   ( 0.0%) 
waterstrips            290/32768        2900/327680   ( 0.9%) 
waterverts               0/65536           0/786432   ( 0.0%) 
waterindices          3813/65536        7626/131072   ( 5.8%) 
cubemapsamples           0/1024            0/16384    ( 0.0%) 
overlays                 0/512             0/180224   ( 0.0%) 
LDR lightdata         [variable]     3763088/0        ( 0.0%) 
HDR lightdata         [variable]           0/0        ( 0.0%) 
visdata               [variable]       66211/16777216 ( 0.4%) 
entdata               [variable]       28210/393216   ( 7.2%) 
LDR ambient table     1139/65536        4556/262144   ( 1.7%) 
HDR ambient table     1139/65536        4556/262144   ( 1.7%) 
LDR leaf ambient       499/65536       13972/1835008  ( 0.8%) 
HDR leaf ambient      1139/65536       31892/1835008  ( 1.7%) 
occluders                0/0               0/0        ( 0.0%) 
occluder polygons        0/0               0/0        ( 0.0%) 
occluder vert ind        0/0               0/0        ( 0.0%) 
detail props          [variable]           1/12       ( 8.3%) 
static props          [variable]           1/3854     ( 0.0%) 
pakfile               [variable]      105675/0        ( 0.0%) 
physics               [variable]       37570/4194304  ( 0.9%) 
physics terrain       [variable]           2/1048576  ( 0.0%) 

Level flags = 0

Total triangle count: 7457
Writing c:\users\sachin\documents\github\gmod-car\gmod files\maps\car_city_v2.bsp
10 seconds elapsed



materialPath: C:\Program Files (x86)\Steam\steamapps\common\Counter-Strike Source\cstrike\materials
Loading C:\Users\Sachin\Documents\GitHub\Gmod-CAR\Gmod Files\maps\car_city_v2.vmf
Could not locate 'GameData' key in c:\program files (x86)\steam\steamapps\common\counter-strike source\cstrike\gameinfo.txt
fixing up env_cubemap materials on brush sides...
0...1...2...3...4...5...6...7...8...9...100...1...2...3...4...5...6...7...8...9...10Processing areas...done (0)
Building Faces...done (0)
FixTjuncs...
PruneNodes...
WriteBSP...
done (0)
writing C:\Users\Sachin\Documents\GitHub\Gmod-CAR\Gmod Files\maps\car_city_v2.prt...Building visibility clusters...
done (0)
Creating default LDR cubemaps for env_cubemap using skybox materials:
   skybox/sky_day01_01*.vmt
 ! Run buildcubemaps in the engine to get the correct cube maps.
Creating default HDR cubemaps for env_cubemap using skybox materials:
   skybox/sky_day01_01*.vmt
 ! Run buildcubemaps in the engine to get the correct cube maps.
Finding displacement neighbors...
Finding lightmap sample positions...
Displacement Alpha : 0...1...2...3...4...5...6...7...8...9...10
Building Physics collision data...
done (0) (38250 bytes)
Placing detail props : 0...1...2...3...4...5...6...7...8...9...10
Compacting texture/material tables...
Reduced 434 texinfos to 232
Reduced 12 texdatas to 9 (280 bytes to 193)
Writing C:\Users\Sachin\Documents\GitHub\Gmod-CAR\Gmod Files\maps\car_city_v2.bsp
0 seconds elapsed



8 threads
reading c:\users\sachin\documents\github\gmod-car\gmod files\maps\car_city_v2.bsp
reading c:\users\sachin\documents\github\gmod-car\gmod files\maps\car_city_v2.prt
 511 portalclusters
1450 numportals
0...1...2...3...4...5...6...7...8...9...100...1...2...3...4...5...6...7...8...9...10Optimized: 1928 visible clusters (1.02%)
Total clusters visible: 189215
Average clusters visible: 370
Building PAS...
Average clusters audible: 510
visdatasize:68572  compressed from 65408
writing c:\users\sachin\documents\github\gmod-car\gmod files\maps\car_city_v2.bsp
22 seconds elapsed



[Reading texlights from 'lights.rad']
[2 texlights parsed from 'lights.rad']

Loading c:\users\sachin\documents\github\gmod-car\gmod files\maps\car_city_v2.bsp
2922 faces
2540813 square feet [365877120.00 square inches]
0 Displacements
0 Square Feet [0.00 Square Inches]
2922 patches before subdivision
zero area child patch
84098 patches after subdivision
0 direct lights
0...1...2...3...4...5...6...7...8...9...100...1...2...3...4...5...6...7...8...9...10transfers 4975259, max 1041
transfer lists:  38.0 megs
0...1...2...3...4...5...6...7...8...9...10	Bounce #1 added RGB(1, 1, 1)
0...1...2...3...4...5...6...7...8...9...10	Bounce #2 added RGB(1, 1, 1)
0...1...2...3...4...5...6...7...8...9...10	Bounce #3 added RGB(1, 1, 1)
0...1...2...3...4...5...6...7...8...9...10	Bounce #4 added RGB(1, 1, 1)
0...1...2...3...4...5...6...7...8...9...10	Bounce #5 added RGB(1, 1, 1)
0...1...2...3...4...5...6...7...8...9...10	Bounce #6 added RGB(1, 1, 1)
0...1...2...3...4...5...6...7...8...9...10	Bounce #7 added RGB(1, 1, 1)
0...1...2...3...4...5...6...7...8...9...10	Bounce #8 added RGB(1, 1, 1)
0...1...2...3...4...5...6...7...8...9...10	Bounce #9 added RGB(1, 1, 1)
0...1...2...3...4...5...6...7...8...9...10	Bounce #10 added RGB(1, 1, 1)
0...1...2...3...4...5...6...7...8...9...10	Bounce #11 added RGB(1, 1, 1)
0...1...2...3...4...5...6...7...8...9...10	Bounce #12 added RGB(1, 1, 1)
0...1...2...3...4...5...6...7...8...9...10	Bounce #13 added RGB(1, 1, 1)
0...1...2...3...4...5...6...7...8...9...10	Bounce #14 added RGB(1, 1, 1)
0...1...2...3...4...5...6...7...8...9...10	Bounce #15 added RGB(1, 1, 1)
0...1...2...3...4...5...6...7...8...9...10	Bounce #16 added RGB(1, 1, 1)
0...1...2...3...4...5...6...7...8...9...10	Bounce #17 added RGB(1, 1, 1)
0...1...2...3...4...5...6...7...8...9...10	Bounce #18 added RGB(1, 1, 1)
0...1...2...3...4...5...6...7...8...9...10	Bounce #19 added RGB(1, 1, 1)
0...1...2...3...4...5...6...7...8...9...10	Bounce #20 added RGB(1, 1, 1)
0...1...2...3...4...5...6...7...8...9...10	Bounce #21 added RGB(1, 1, 1)
0...1...2...3...4...5...6...7...8...9...10	Bounce #22 added RGB(1, 1, 1)
0...1...2...3...4...5...6...7...8...9...10	Bounce #23 added RGB(1, 1, 1)
0...1...2...3...4...5...6...7...8...9...10	Bounce #24 added RGB(1, 1, 1)
0...1...2...3...4...5...6...7...8...9...10	Bounce #25 added RGB(1, 1, 1)
0...1...2...3...4...5...6...7...8...9...10	Bounce #26 added RGB(1, 1, 1)
0...1...2...3...4...5...6...7...8...9...10	Bounce #27 added RGB(1, 1, 1)
0...1...2...3...4...5...6...7...8...9...10	Bounce #28 added RGB(1, 1, 1)
0...1...2...3...4...5...6...7...8...9...10	Bounce #29 added RGB(1, 1, 1)
0...1...2...3...4...5...6...7...8...9...10	Bounce #30 added RGB(1, 1, 1)
0...1...2...3...4...5...6...7...8...9...10	Bounce #31 added RGB(1, 1, 1)
0...1...2...3...4...5...6...7...8...9...10	Bounce #32 added RGB(1, 1, 1)
0...1...2...3...4...5...6...7...8...9...10	Bounce #33 added RGB(1, 1, 1)
0...1...2...3...4...5...6...7...8...9...10	Bounce #34 added RGB(1, 1, 1)
0...1...2...3...4...5...6...7...8...9...10	Bounce #35 added RGB(1, 1, 1)
0...1...2...3...4...5...6...7...8...9...10	Bounce #36 added RGB(1, 1, 1)
0...1...2...3...4...5...6...7...8...9...10	Bounce #37 added RGB(1, 1, 1)
0...1...2...3...4...5...6...7...8...9...10	Bounce #38 added RGB(1, 1, 1)
0...1...2...3...4...5...6...7...8...9...10	Bounce #39 added RGB(1, 1, 1)
0...1...2...3...4...5...6...7...8...9...10	Bounce #40 added RGB(1, 1, 1)
0...1...2...3...4...5...6...7...8...9...10	Bounce #41 added RGB(1, 1, 1)
0...1...2...3...4...5...6...7...8...9...10	Bounce #42 added RGB(1, 1, 1)
0...1...2...3...4...5...6...7...8...9...10	Bounce #43 added RGB(1, 1, 1)
0...1...2...3...4...5...6...7...8...9...10	Bounce #44 added RGB(1, 1, 1)
0...1...2...3...4...5...6...7...8...9...10	Bounce #45 added RGB(1, 1, 1)
0...1...2...3...4...5...6...7...8...9...10	Bounce #46 added RGB(1, 1, 1)
0...1...2...3...4...5...6...7...8...9...10	Bounce #47 added RGB(1, 1, 1)
0...1...2...3...4...5...6...7...8...9...10	Bounce #48 added RGB(1, 1, 1)
0...1...2...3...4...5...6...7...8...9...10	Bounce #49 added RGB(1, 1, 1)
0...1...2...3...4...5...6...7...8...9...10	Bounce #50 added RGB(1, 1, 1)
0...1...2...3...4...5...6...7...8...9...10	Bounce #51 added RGB(1, 1, 1)
0...1...2...3...4...5...6...7...8...9...10	Bounce #52 added RGB(1, 1, 1)
0...1...2...3...4...5...6...7...8...9...10	Bounce #53 added RGB(1, 1, 1)
0...1...2...3...4...5...6...7...8...9...10	Bounce #54 added RGB(1, 1, 1)
0...1...2...3...4...5...6...7...8...9...10	Bounce #55 added RGB(1, 1, 1)
0...1...2...3...4...5...6...7...8...9...10	Bounce #56 added RGB(1, 1, 1)
0...1...2...3...4...5...6...7...8...9...10	Bounce #57 added RGB(1, 1, 1)
0...1...2...3...4...5...6...7...8...9...10	Bounce #58 added RGB(1, 1, 1)
0...1...2...3...4...5...6...7...8...9...10	Bounce #59 added RGB(1, 1, 1)
0...1...2...3...4...5...6...7...8...9...10	Bounce #60 added RGB(1, 1, 1)
0...1...2...3...4...5...6...7...8...9...10	Bounce #61 added RGB(1, 1, 1)
0...1...2...3...4...5...6...7...8...9...10	Bounce #62 added RGB(1, 1, 1)
0...1...2...3...4...5...6...7...8...9...10	Bounce #63 added RGB(1, 1, 1)
0...1...2...3...4...5...6...7...8...9...10	Bounce #64 added RGB(1, 1, 1)
0...1...2...3...4...5...6...7...8...9...10	Bounce #65 added RGB(1, 1, 1)
0...1...2...3...4...5...6...7...8...9...10	Bounce #66 added RGB(1, 1, 1)
0...1...2...3...4...5...6...7...8...9...10	Bounce #67 added RGB(1, 1, 1)
0...1...2...3...4...5...6...7...8...9...10	Bounce #68 added RGB(1, 1, 1)
0...1...2...3...4...5...6...7...8...9...10	Bounce #69 added RGB(1, 1, 1)
0...1...2...3...4...5...6...7...8...9...10	Bounce #70 added RGB(1, 1, 1)
0...1...2...3...4...5...6...7...8...9...10	Bounce #71 added RGB(1, 1, 1)
0...1...2...3...4...5...6...7...8...9...10	Bounce #72 added RGB(1, 1, 1)
0...1...2...3...4...5...6...7...8...9...10	Bounce #73 added RGB(1, 1, 1)
0...1...2...3...4...5...6...7...8...9...10	Bounce #74 added RGB(1, 1, 1)
0...1...2...3...4...5...6...7...8...9...10	Bounce #75 added RGB(1, 1, 1)
0...1...2...3...4...5...6...7...8...9...10	Bounce #76 added RGB(1, 1, 1)
0...1...2...3...4...5...6...7...8...9...10	Bounce #77 added RGB(1, 1, 1)
0...1...2...3...4...5...6...7...8...9...10	Bounce #78 added RGB(1, 1, 1)
0...1...2...3...4...5...6...7...8...9...10	Bounce #79 added RGB(1, 1, 1)
0...1...2...3...4...5...6...7...8...9...10	Bounce #80 added RGB(1, 1, 1)
0...1...2...3...4...5...6...7...8...9...10	Bounce #81 added RGB(1, 1, 1)
0...1...2...3...4...5...6...7...8...9...10	Bounce #82 added RGB(1, 1, 1)
0...1...2...3...4...5...6...7...8...9...10	Bounce #83 added RGB(1, 1, 1)
0...1...2...3...4...5...6...7...8...9...10	Bounce #84 added RGB(1, 1, 1)
0...1...2...3...4...5...6...7...8...9...10	Bounce #85 added RGB(1, 1, 1)
0...1...2...3...4...5...6...7...8...9...10	Bounce #86 added RGB(1, 1, 1)
0...1...2...3...4...5...6...7...8...9...10	Bounce #87 added RGB(1, 1, 1)
0...1...2...3...4...5...6...7...8...9...10	Bounce #88 added RGB(1, 1, 1)
0...1...2...3...4...5...6...7...8...9...10	Bounce #89 added RGB(1, 1, 1)
0...1...2...3...4...5...6...7...8...9...10	Bounce #90 added RGB(1, 1, 1)
0...1...2...3...4...5...6...7...8...9...10	Bounce #91 added RGB(1, 1, 1)
0...1...2...3...4...5...6...7...8...9...10	Bounce #92 added RGB(1, 1, 1)
0...1...2...3...4...5...6...7...8...9...10	Bounce #93 added RGB(1, 1, 1)
0...1...2...3...4...5...6...7...8...9...10	Bounce #94 added RGB(1, 1, 1)
0...1...2...3...4...5...6...7...8...9...10	Bounce #95 added RGB(1, 1, 1)
0...1...2...3...4...5...6...7...8...9...10	Bounce #96 added RGB(1, 1, 1)
0...1...2...3...4...5...6...7...8...9...10	Bounce #97 added RGB(1, 1, 1)
0...1...2...3...4...5...6...7...8...9...10	Bounce #98 added RGB(1, 1, 1)
0...1...2...3...4...5...6...7...8...9...10	Bounce #99 added RGB(1, 1, 1)
0...1...2...3...4...5...6...7...8...9...10	Bounce #100 added RGB(1, 1, 1)
Build Patch/Sample Hash Table(s).....Done<0.0328 sec>
0...1...2...3...4...5...6...7...8...9...10FinalLightFace Done
0 of 0 (0% of) surface lights went in leaf ambient cubes.
0...1...2...3...4...5...6...7...8...9...10Writing leaf ambient...done
Ready to Finish

Object names       Objects/Maxobjs  Memory / Maxmem  Fullness 
------------       ---------------  ---------------  -------- 
models                   1/1024           48/49152    ( 0.1%) 
brushes                104/8192         1248/98304    ( 1.3%) 
brushsides             631/65536        5048/524288   ( 1.0%) 
planes                 446/65536        8920/1310720  ( 0.7%) 
vertexes              3975/65536       47700/786432   ( 6.1%) 
nodes                 1150/65536       36800/2097152  ( 1.8%) 
texinfos               232/12288       16704/884736   ( 1.9%) 
texdata                  9/2048          288/65536    ( 0.4%) 
dispinfos                0/0               0/0        ( 0.0%) 
disp_verts               0/0               0/0        ( 0.0%) 
disp_tris                0/0               0/0        ( 0.0%) 
disp_lmsamples           0/0               0/0        ( 0.0%) 
faces                 2922/65536      163632/3670016  ( 4.5%) 
hdr faces                0/65536           0/3670016  ( 0.0%) 
origfaces              303/65536       16968/3670016  ( 0.5%) 
leaves                1152/65536       36864/2097152  ( 1.8%) 
leaffaces             3141/65536        6282/131072   ( 4.8%) 
leafbrushes            946/65536        1892/131072   ( 1.4%) 
areas                    2/256            16/2048     ( 0.8%) 
surfedges            14549/512000      58196/2048000  ( 2.8%) 
edges                 7542/256000      30168/1024000  ( 2.9%) 
LDR worldlights          0/8192            0/720896   ( 0.0%) 
HDR worldlights          0/8192            0/720896   ( 0.0%) 
leafwaterdata            0/32768           0/393216   ( 0.0%) 
waterstrips            288/32768        2880/327680   ( 0.9%) 
waterverts               0/65536           0/786432   ( 0.0%) 
waterindices          3759/65536        7518/131072   ( 5.7%) 
cubemapsamples           0/1024            0/16384    ( 0.0%) 
overlays                 0/512             0/180224   ( 0.0%) 
LDR lightdata         [variable]     3784048/0        ( 0.0%) 
HDR lightdata         [variable]           0/0        ( 0.0%) 
visdata               [variable]       68572/16777216 ( 0.4%) 
entdata               [variable]       28210/393216   ( 7.2%) 
LDR ambient table     1152/65536        4608/262144   ( 1.8%) 
HDR ambient table     1152/65536        4608/262144   ( 1.8%) 
LDR leaf ambient       511/65536       14308/1835008  ( 0.8%) 
HDR leaf ambient      1152/65536       32256/1835008  ( 1.8%) 
occluders                0/0               0/0        ( 0.0%) 
occluder polygons        0/0               0/0        ( 0.0%) 
occluder vert ind        0/0               0/0        ( 0.0%) 
detail props          [variable]           1/12       ( 8.3%) 
static props          [variable]           1/3854     ( 0.0%) 
pakfile               [variable]      211576/0        ( 0.0%) 
physics               [variable]       38250/4194304  ( 0.9%) 
physics terrain       [variable]           2/1048576  ( 0.0%) 

Level flags = 0

Total triangle count: 7485
Writing c:\users\sachin\documents\github\gmod-car\gmod files\maps\car_city_v2.bsp
11 seconds elapsed
